Performing C SOURCE FILE Test CMAKE_HAVE_LIBC_PTHREAD failed with the following output:
Change Dir: /home/rkatiyar/Project/2020/backup/20-04-21/final/MoofParser/build/CMakeFiles/CMakeTmp

Run Build Command(s):/usr/bin/make cmTC_58d80/fast && /usr/bin/make -f CMakeFiles/cmTC_58d80.dir/build.make CMakeFiles/cmTC_58d80.dir/build
make[1]: Entering directory '/home/rkatiyar/Project/2020/backup/20-04-21/final/MoofParser/build/CMakeFiles/CMakeTmp'
Building C object CMakeFiles/cmTC_58d80.dir/src.c.o
/usr/bin/cc   -DCMAKE_HAVE_LIBC_PTHREAD   -o CMakeFiles/cmTC_58d80.dir/src.c.o   -c /home/rkatiyar/Project/2020/backup/20-04-21/final/MoofParser/build/CMakeFiles/CMakeTmp/src.c
Linking C executable cmTC_58d80
/usr/local/bin/cmake -E cmake_link_script CMakeFiles/cmTC_58d80.dir/link.txt --verbose=1
/usr/bin/cc  -DCMAKE_HAVE_LIBC_PTHREAD    -rdynamic CMakeFiles/cmTC_58d80.dir/src.c.o  -o cmTC_58d80 
/usr/bin/ld: CMakeFiles/cmTC_58d80.dir/src.c.o: in function `main':
src.c:(.text+0x46): undefined reference to `pthread_create'
/usr/bin/ld: src.c:(.text+0x52): undefined reference to `pthread_detach'
/usr/bin/ld: src.c:(.text+0x5e): undefined reference to `pthread_cancel'
/usr/bin/ld: src.c:(.text+0x6f): undefined reference to `pthread_join'
collect2: error: ld returned 1 exit status
make[1]: *** [CMakeFiles/cmTC_58d80.dir/build.make:104: cmTC_58d80] Error 1
make[1]: Leaving directory '/home/rkatiyar/Project/2020/backup/20-04-21/final/MoofParser/build/CMakeFiles/CMakeTmp'
make: *** [Makefile:138: cmTC_58d80/fast] Error 2


Source file was:
#include <pthread.h>

void* test_func(void* data)
{
  return data;
}

int main(void)
{
  pthread_t thread;
  pthread_create(&thread, NULL, test_func, NULL);
  pthread_detach(thread);
  pthread_cancel(thread);
  pthread_join(thread, NULL);
  pthread_atfork(NULL, NULL, NULL);
  pthread_exit(NULL);

  return 0;
}

Determining if the function pthread_create exists in the pthreads failed with the following output:
Change Dir: /home/rkatiyar/Project/2020/backup/20-04-21/final/MoofParser/build/CMakeFiles/CMakeTmp

Run Build Command(s):/usr/bin/make cmTC_d7757/fast && /usr/bin/make -f CMakeFiles/cmTC_d7757.dir/build.make CMakeFiles/cmTC_d7757.dir/build
make[1]: Entering directory '/home/rkatiyar/Project/2020/backup/20-04-21/final/MoofParser/build/CMakeFiles/CMakeTmp'
Building C object CMakeFiles/cmTC_d7757.dir/CheckFunctionExists.c.o
/usr/bin/cc   -DCHECK_FUNCTION_EXISTS=pthread_create   -o CMakeFiles/cmTC_d7757.dir/CheckFunctionExists.c.o   -c /usr/local/share/cmake-3.17/Modules/CheckFunctionExists.c
Linking C executable cmTC_d7757
/usr/local/bin/cmake -E cmake_link_script CMakeFiles/cmTC_d7757.dir/link.txt --verbose=1
/usr/bin/cc  -DCHECK_FUNCTION_EXISTS=pthread_create    -rdynamic CMakeFiles/cmTC_d7757.dir/CheckFunctionExists.c.o  -o cmTC_d7757  -lpthreads 
/usr/bin/ld: cannot find -lpthreads
collect2: error: ld returned 1 exit status
make[1]: *** [CMakeFiles/cmTC_d7757.dir/build.make:104: cmTC_d7757] Error 1
make[1]: Leaving directory '/home/rkatiyar/Project/2020/backup/20-04-21/final/MoofParser/build/CMakeFiles/CMakeTmp'
make: *** [Makefile:138: cmTC_d7757/fast] Error 2



